[01-Jun-2023 14:46:09 UTC] PHP Warning:  Missing argument 2 for Html_Page::html_titolo_pagina(), called in /home/bertoldiboats/public_html/protected/modules/ruolo/ruolo.php on line 193 and defined in /home/bertoldiboats/public_html/protected/classes/class.Html_Page.php on line 290
[01-Jun-2023 14:46:09 UTC] PHP Warning:  Missing argument 3 for Html_Page::html_titolo_pagina(), called in /home/bertoldiboats/public_html/protected/modules/ruolo/ruolo.php on line 193 and defined in /home/bertoldiboats/public_html/protected/classes/class.Html_Page.php on line 290
[01-Jun-2023 14:46:09 UTC] PHP Warning:  Missing argument 4 for Html_Page::html_titolo_pagina(), called in /home/bertoldiboats/public_html/protected/modules/ruolo/ruolo.php on line 193 and defined in /home/bertoldiboats/public_html/protected/classes/class.Html_Page.php on line 290
[01-Jun-2023 14:46:09 UTC] PHP Notice:  Undefined variable: torna in /home/bertoldiboats/public_html/protected/classes/class.Html_Page.php on line 294
[01-Jun-2023 14:46:10 UTC] PHP Deprecated:  mysql_pconnect(): The mysql extension is deprecated and will be removed in the future: use mysqli or PDO instead in /home/bertoldiboats/public_html/protected/modules/ruolo/ruolo_processing.php on line 41
[05-Jun-2023 09:09:25 UTC] PHP Warning:  Missing argument 2 for Html_Page::html_titolo_pagina(), called in /home/bertoldiboats/public_html/protected/modules/ruolo/ruolo.php on line 193 and defined in /home/bertoldiboats/public_html/protected/classes/class.Html_Page.php on line 290
[05-Jun-2023 09:09:25 UTC] PHP Warning:  Missing argument 3 for Html_Page::html_titolo_pagina(), called in /home/bertoldiboats/public_html/protected/modules/ruolo/ruolo.php on line 193 and defined in /home/bertoldiboats/public_html/protected/classes/class.Html_Page.php on line 290
[05-Jun-2023 09:09:25 UTC] PHP Warning:  Missing argument 4 for Html_Page::html_titolo_pagina(), called in /home/bertoldiboats/public_html/protected/modules/ruolo/ruolo.php on line 193 and defined in /home/bertoldiboats/public_html/protected/classes/class.Html_Page.php on line 290
[05-Jun-2023 09:09:25 UTC] PHP Notice:  Undefined variable: torna in /home/bertoldiboats/public_html/protected/classes/class.Html_Page.php on line 294
[05-Jun-2023 09:09:25 UTC] PHP Deprecated:  mysql_pconnect(): The mysql extension is deprecated and will be removed in the future: use mysqli or PDO instead in /home/bertoldiboats/public_html/protected/modules/ruolo/ruolo_processing.php on line 41
[05-Jun-2023 16:49:55 UTC] PHP Warning:  Missing argument 2 for Html_Page::html_titolo_pagina(), called in /home/bertoldiboats/public_html/protected/modules/ruolo/ruolo.php on line 193 and defined in /home/bertoldiboats/public_html/protected/classes/class.Html_Page.php on line 290
[05-Jun-2023 16:49:55 UTC] PHP Warning:  Missing argument 3 for Html_Page::html_titolo_pagina(), called in /home/bertoldiboats/public_html/protected/modules/ruolo/ruolo.php on line 193 and defined in /home/bertoldiboats/public_html/protected/classes/class.Html_Page.php on line 290
[05-Jun-2023 16:49:55 UTC] PHP Warning:  Missing argument 4 for Html_Page::html_titolo_pagina(), called in /home/bertoldiboats/public_html/protected/modules/ruolo/ruolo.php on line 193 and defined in /home/bertoldiboats/public_html/protected/classes/class.Html_Page.php on line 290
[05-Jun-2023 16:49:55 UTC] PHP Notice:  Undefined variable: torna in /home/bertoldiboats/public_html/protected/classes/class.Html_Page.php on line 294
[05-Jun-2023 16:49:55 UTC] PHP Deprecated:  mysql_pconnect(): The mysql extension is deprecated and will be removed in the future: use mysqli or PDO instead in /home/bertoldiboats/public_html/protected/modules/ruolo/ruolo_processing.php on line 41
[06-Jun-2023 10:38:29 UTC] PHP Warning:  Missing argument 2 for Html_Page::html_titolo_pagina(), called in /home/bertoldiboats/public_html/protected/modules/ruolo/ruolo.php on line 193 and defined in /home/bertoldiboats/public_html/protected/classes/class.Html_Page.php on line 290
[06-Jun-2023 10:38:29 UTC] PHP Warning:  Missing argument 3 for Html_Page::html_titolo_pagina(), called in /home/bertoldiboats/public_html/protected/modules/ruolo/ruolo.php on line 193 and defined in /home/bertoldiboats/public_html/protected/classes/class.Html_Page.php on line 290
[06-Jun-2023 10:38:29 UTC] PHP Warning:  Missing argument 4 for Html_Page::html_titolo_pagina(), called in /home/bertoldiboats/public_html/protected/modules/ruolo/ruolo.php on line 193 and defined in /home/bertoldiboats/public_html/protected/classes/class.Html_Page.php on line 290
[06-Jun-2023 10:38:29 UTC] PHP Notice:  Undefined variable: torna in /home/bertoldiboats/public_html/protected/classes/class.Html_Page.php on line 294
[06-Jun-2023 10:38:29 UTC] PHP Deprecated:  mysql_pconnect(): The mysql extension is deprecated and will be removed in the future: use mysqli or PDO instead in /home/bertoldiboats/public_html/protected/modules/ruolo/ruolo_processing.php on line 41
[06-Jun-2023 13:28:42 UTC] PHP Warning:  Missing argument 2 for Html_Page::html_titolo_pagina(), called in /home/bertoldiboats/public_html/protected/modules/ruolo/ruolo.php on line 193 and defined in /home/bertoldiboats/public_html/protected/classes/class.Html_Page.php on line 290
[06-Jun-2023 13:28:42 UTC] PHP Warning:  Missing argument 3 for Html_Page::html_titolo_pagina(), called in /home/bertoldiboats/public_html/protected/modules/ruolo/ruolo.php on line 193 and defined in /home/bertoldiboats/public_html/protected/classes/class.Html_Page.php on line 290
[06-Jun-2023 13:28:42 UTC] PHP Warning:  Missing argument 4 for Html_Page::html_titolo_pagina(), called in /home/bertoldiboats/public_html/protected/modules/ruolo/ruolo.php on line 193 and defined in /home/bertoldiboats/public_html/protected/classes/class.Html_Page.php on line 290
[06-Jun-2023 13:28:42 UTC] PHP Notice:  Undefined variable: torna in /home/bertoldiboats/public_html/protected/classes/class.Html_Page.php on line 294
[06-Jun-2023 13:28:42 UTC] PHP Deprecated:  mysql_pconnect(): The mysql extension is deprecated and will be removed in the future: use mysqli or PDO instead in /home/bertoldiboats/public_html/protected/modules/ruolo/ruolo_processing.php on line 41
[06-Jun-2023 13:31:19 UTC] PHP Warning:  Missing argument 2 for Html_Page::html_titolo_pagina(), called in /home/bertoldiboats/public_html/protected/modules/ruolo/ruolo.php on line 193 and defined in /home/bertoldiboats/public_html/protected/classes/class.Html_Page.php on line 290
[06-Jun-2023 13:31:19 UTC] PHP Warning:  Missing argument 3 for Html_Page::html_titolo_pagina(), called in /home/bertoldiboats/public_html/protected/modules/ruolo/ruolo.php on line 193 and defined in /home/bertoldiboats/public_html/protected/classes/class.Html_Page.php on line 290
[06-Jun-2023 13:31:19 UTC] PHP Warning:  Missing argument 4 for Html_Page::html_titolo_pagina(), called in /home/bertoldiboats/public_html/protected/modules/ruolo/ruolo.php on line 193 and defined in /home/bertoldiboats/public_html/protected/classes/class.Html_Page.php on line 290
[06-Jun-2023 13:31:19 UTC] PHP Notice:  Undefined variable: torna in /home/bertoldiboats/public_html/protected/classes/class.Html_Page.php on line 294
[06-Jun-2023 13:31:19 UTC] PHP Deprecated:  mysql_pconnect(): The mysql extension is deprecated and will be removed in the future: use mysqli or PDO instead in /home/bertoldiboats/public_html/protected/modules/ruolo/ruolo_processing.php on line 41
[07-Jun-2023 15:44:25 UTC] PHP Warning:  Missing argument 2 for Html_Page::html_titolo_pagina(), called in /home/bertoldiboats/public_html/protected/modules/ruolo/ruolo.php on line 193 and defined in /home/bertoldiboats/public_html/protected/classes/class.Html_Page.php on line 290
[07-Jun-2023 15:44:25 UTC] PHP Warning:  Missing argument 3 for Html_Page::html_titolo_pagina(), called in /home/bertoldiboats/public_html/protected/modules/ruolo/ruolo.php on line 193 and defined in /home/bertoldiboats/public_html/protected/classes/class.Html_Page.php on line 290
[07-Jun-2023 15:44:25 UTC] PHP Warning:  Missing argument 4 for Html_Page::html_titolo_pagina(), called in /home/bertoldiboats/public_html/protected/modules/ruolo/ruolo.php on line 193 and defined in /home/bertoldiboats/public_html/protected/classes/class.Html_Page.php on line 290
[07-Jun-2023 15:44:25 UTC] PHP Notice:  Undefined variable: torna in /home/bertoldiboats/public_html/protected/classes/class.Html_Page.php on line 294
[07-Jun-2023 15:44:26 UTC] PHP Deprecated:  mysql_pconnect(): The mysql extension is deprecated and will be removed in the future: use mysqli or PDO instead in /home/bertoldiboats/public_html/protected/modules/ruolo/ruolo_processing.php on line 41
[29-Jun-2023 16:15:55 UTC] PHP Warning:  Missing argument 2 for Html_Page::html_titolo_pagina(), called in /home/bertoldiboats/public_html/protected/modules/ruolo/ruolo.php on line 193 and defined in /home/bertoldiboats/public_html/protected/classes/class.Html_Page.php on line 290
[29-Jun-2023 16:15:55 UTC] PHP Warning:  Missing argument 3 for Html_Page::html_titolo_pagina(), called in /home/bertoldiboats/public_html/protected/modules/ruolo/ruolo.php on line 193 and defined in /home/bertoldiboats/public_html/protected/classes/class.Html_Page.php on line 290
[29-Jun-2023 16:15:55 UTC] PHP Warning:  Missing argument 4 for Html_Page::html_titolo_pagina(), called in /home/bertoldiboats/public_html/protected/modules/ruolo/ruolo.php on line 193 and defined in /home/bertoldiboats/public_html/protected/classes/class.Html_Page.php on line 290
[29-Jun-2023 16:15:55 UTC] PHP Notice:  Undefined variable: torna in /home/bertoldiboats/public_html/protected/classes/class.Html_Page.php on line 294
[29-Jun-2023 16:15:56 UTC] PHP Deprecated:  mysql_pconnect(): The mysql extension is deprecated and will be removed in the future: use mysqli or PDO instead in /home/bertoldiboats/public_html/protected/modules/ruolo/ruolo_processing.php on line 41
[04-Jul-2023 15:46:28 UTC] PHP Warning:  Missing argument 2 for Html_Page::html_titolo_pagina(), called in /home/bertoldiboats/public_html/protected/modules/ruolo/ruolo.php on line 193 and defined in /home/bertoldiboats/public_html/protected/classes/class.Html_Page.php on line 290
[04-Jul-2023 15:46:28 UTC] PHP Warning:  Missing argument 3 for Html_Page::html_titolo_pagina(), called in /home/bertoldiboats/public_html/protected/modules/ruolo/ruolo.php on line 193 and defined in /home/bertoldiboats/public_html/protected/classes/class.Html_Page.php on line 290
[04-Jul-2023 15:46:28 UTC] PHP Warning:  Missing argument 4 for Html_Page::html_titolo_pagina(), called in /home/bertoldiboats/public_html/protected/modules/ruolo/ruolo.php on line 193 and defined in /home/bertoldiboats/public_html/protected/classes/class.Html_Page.php on line 290
[04-Jul-2023 15:46:28 UTC] PHP Notice:  Undefined variable: torna in /home/bertoldiboats/public_html/protected/classes/class.Html_Page.php on line 294
[04-Jul-2023 15:46:28 UTC] PHP Deprecated:  mysql_pconnect(): The mysql extension is deprecated and will be removed in the future: use mysqli or PDO instead in /home/bertoldiboats/public_html/protected/modules/ruolo/ruolo_processing.php on line 41
[04-Jul-2023 15:46:51 UTC] PHP Warning:  Creating default object from empty value in /home/bertoldiboats/public_html/protected/modules/ruolo/ruolo.php on line 21
[04-Jul-2023 15:46:51 UTC] PHP Notice:  Undefined variable: IntestCorrente in /home/bertoldiboats/public_html/protected/modules/ruolo/ruolo.php on line 157
[04-Jul-2023 15:47:02 UTC] PHP Notice:  Undefined variable: tr_open in /home/bertoldiboats/public_html/protected/classes/class.Ruolo.php on line 217
[04-Jul-2023 15:47:02 UTC] PHP Warning:  Creating default object from empty value in /home/bertoldiboats/public_html/protected/modules/ruolo/ruolo.php on line 21
[04-Jul-2023 15:49:08 UTC] PHP Warning:  Missing argument 2 for Html_Page::html_titolo_pagina(), called in /home/bertoldiboats/public_html/protected/modules/ruolo/ruolo.php on line 193 and defined in /home/bertoldiboats/public_html/protected/classes/class.Html_Page.php on line 290
[04-Jul-2023 15:49:08 UTC] PHP Warning:  Missing argument 3 for Html_Page::html_titolo_pagina(), called in /home/bertoldiboats/public_html/protected/modules/ruolo/ruolo.php on line 193 and defined in /home/bertoldiboats/public_html/protected/classes/class.Html_Page.php on line 290
[04-Jul-2023 15:49:08 UTC] PHP Warning:  Missing argument 4 for Html_Page::html_titolo_pagina(), called in /home/bertoldiboats/public_html/protected/modules/ruolo/ruolo.php on line 193 and defined in /home/bertoldiboats/public_html/protected/classes/class.Html_Page.php on line 290
[04-Jul-2023 15:49:08 UTC] PHP Notice:  Undefined variable: torna in /home/bertoldiboats/public_html/protected/classes/class.Html_Page.php on line 294
[04-Jul-2023 15:49:09 UTC] PHP Deprecated:  mysql_pconnect(): The mysql extension is deprecated and will be removed in the future: use mysqli or PDO instead in /home/bertoldiboats/public_html/protected/modules/ruolo/ruolo_processing.php on line 41
[04-Jul-2023 15:49:10 UTC] PHP Warning:  Creating default object from empty value in /home/bertoldiboats/public_html/protected/modules/ruolo/ruolo.php on line 21
[04-Jul-2023 15:49:10 UTC] PHP Notice:  Undefined variable: IntestCorrente in /home/bertoldiboats/public_html/protected/modules/ruolo/ruolo.php on line 157
[04-Jul-2023 15:49:12 UTC] PHP Notice:  Undefined variable: tr_open in /home/bertoldiboats/public_html/protected/classes/class.Ruolo.php on line 217
[04-Jul-2023 15:49:12 UTC] PHP Warning:  Creating default object from empty value in /home/bertoldiboats/public_html/protected/modules/ruolo/ruolo.php on line 21
[04-Jul-2023 15:49:42 UTC] PHP Warning:  Creating default object from empty value in /home/bertoldiboats/public_html/protected/modules/ruolo/ruolo.php on line 21
[04-Jul-2023 15:49:42 UTC] PHP Notice:  Undefined variable: IntestCorrente in /home/bertoldiboats/public_html/protected/modules/ruolo/ruolo.php on line 157
[04-Jul-2023 15:49:43 UTC] PHP Warning:  Missing argument 2 for Html_Page::html_titolo_pagina(), called in /home/bertoldiboats/public_html/protected/modules/ruolo/ruolo.php on line 193 and defined in /home/bertoldiboats/public_html/protected/classes/class.Html_Page.php on line 290
[04-Jul-2023 15:49:43 UTC] PHP Warning:  Missing argument 3 for Html_Page::html_titolo_pagina(), called in /home/bertoldiboats/public_html/protected/modules/ruolo/ruolo.php on line 193 and defined in /home/bertoldiboats/public_html/protected/classes/class.Html_Page.php on line 290
[04-Jul-2023 15:49:43 UTC] PHP Warning:  Missing argument 4 for Html_Page::html_titolo_pagina(), called in /home/bertoldiboats/public_html/protected/modules/ruolo/ruolo.php on line 193 and defined in /home/bertoldiboats/public_html/protected/classes/class.Html_Page.php on line 290
[04-Jul-2023 15:49:43 UTC] PHP Notice:  Undefined variable: torna in /home/bertoldiboats/public_html/protected/classes/class.Html_Page.php on line 294
[04-Jul-2023 15:49:44 UTC] PHP Deprecated:  mysql_pconnect(): The mysql extension is deprecated and will be removed in the future: use mysqli or PDO instead in /home/bertoldiboats/public_html/protected/modules/ruolo/ruolo_processing.php on line 41
[04-Jul-2023 15:49:47 UTC] PHP Warning:  Creating default object from empty value in /home/bertoldiboats/public_html/protected/modules/ruolo/ruolo.php on line 21
[04-Jul-2023 15:49:47 UTC] PHP Notice:  Undefined variable: IntestCorrente in /home/bertoldiboats/public_html/protected/modules/ruolo/ruolo.php on line 157
[04-Jul-2023 15:49:49 UTC] PHP Notice:  Undefined variable: tr_open in /home/bertoldiboats/public_html/protected/classes/class.Ruolo.php on line 217
[04-Jul-2023 15:49:49 UTC] PHP Warning:  Creating default object from empty value in /home/bertoldiboats/public_html/protected/modules/ruolo/ruolo.php on line 21
[04-Jul-2023 15:50:04 UTC] PHP Warning:  Missing argument 2 for Html_Page::html_titolo_pagina(), called in /home/bertoldiboats/public_html/protected/modules/ruolo/ruolo.php on line 193 and defined in /home/bertoldiboats/public_html/protected/classes/class.Html_Page.php on line 290
[04-Jul-2023 15:50:04 UTC] PHP Warning:  Missing argument 3 for Html_Page::html_titolo_pagina(), called in /home/bertoldiboats/public_html/protected/modules/ruolo/ruolo.php on line 193 and defined in /home/bertoldiboats/public_html/protected/classes/class.Html_Page.php on line 290
[04-Jul-2023 15:50:04 UTC] PHP Warning:  Missing argument 4 for Html_Page::html_titolo_pagina(), called in /home/bertoldiboats/public_html/protected/modules/ruolo/ruolo.php on line 193 and defined in /home/bertoldiboats/public_html/protected/classes/class.Html_Page.php on line 290
[04-Jul-2023 15:50:04 UTC] PHP Notice:  Undefined variable: torna in /home/bertoldiboats/public_html/protected/classes/class.Html_Page.php on line 294
[04-Jul-2023 15:50:04 UTC] PHP Deprecated:  mysql_pconnect(): The mysql extension is deprecated and will be removed in the future: use mysqli or PDO instead in /home/bertoldiboats/public_html/protected/modules/ruolo/ruolo_processing.php on line 41
[04-Jul-2023 15:50:07 UTC] PHP Warning:  Creating default object from empty value in /home/bertoldiboats/public_html/protected/modules/ruolo/ruolo.php on line 21
[04-Jul-2023 15:50:07 UTC] PHP Notice:  Undefined variable: IntestCorrente in /home/bertoldiboats/public_html/protected/modules/ruolo/ruolo.php on line 157
[04-Jul-2023 15:50:08 UTC] PHP Notice:  Undefined variable: tr_open in /home/bertoldiboats/public_html/protected/classes/class.Ruolo.php on line 217
[04-Jul-2023 15:50:08 UTC] PHP Warning:  Creating default object from empty value in /home/bertoldiboats/public_html/protected/modules/ruolo/ruolo.php on line 21
[04-Jul-2023 15:50:50 UTC] PHP Warning:  Missing argument 2 for Html_Page::html_titolo_pagina(), called in /home/bertoldiboats/public_html/protected/modules/ruolo/ruolo.php on line 193 and defined in /home/bertoldiboats/public_html/protected/classes/class.Html_Page.php on line 290
[04-Jul-2023 15:50:50 UTC] PHP Warning:  Missing argument 3 for Html_Page::html_titolo_pagina(), called in /home/bertoldiboats/public_html/protected/modules/ruolo/ruolo.php on line 193 and defined in /home/bertoldiboats/public_html/protected/classes/class.Html_Page.php on line 290
[04-Jul-2023 15:50:50 UTC] PHP Warning:  Missing argument 4 for Html_Page::html_titolo_pagina(), called in /home/bertoldiboats/public_html/protected/modules/ruolo/ruolo.php on line 193 and defined in /home/bertoldiboats/public_html/protected/classes/class.Html_Page.php on line 290
[04-Jul-2023 15:50:50 UTC] PHP Notice:  Undefined variable: torna in /home/bertoldiboats/public_html/protected/classes/class.Html_Page.php on line 294
[04-Jul-2023 15:50:50 UTC] PHP Deprecated:  mysql_pconnect(): The mysql extension is deprecated and will be removed in the future: use mysqli or PDO instead in /home/bertoldiboats/public_html/protected/modules/ruolo/ruolo_processing.php on line 41
[04-Jul-2023 15:50:52 UTC] PHP Warning:  Creating default object from empty value in /home/bertoldiboats/public_html/protected/modules/ruolo/ruolo.php on line 21
[04-Jul-2023 15:50:52 UTC] PHP Notice:  Undefined variable: IntestCorrente in /home/bertoldiboats/public_html/protected/modules/ruolo/ruolo.php on line 157
[04-Jul-2023 15:50:53 UTC] PHP Notice:  Undefined variable: tr_open in /home/bertoldiboats/public_html/protected/classes/class.Ruolo.php on line 217
[04-Jul-2023 15:50:53 UTC] PHP Warning:  Creating default object from empty value in /home/bertoldiboats/public_html/protected/modules/ruolo/ruolo.php on line 21
[04-Jul-2023 15:51:07 UTC] PHP Warning:  Missing argument 2 for Html_Page::html_titolo_pagina(), called in /home/bertoldiboats/public_html/protected/modules/ruolo/ruolo.php on line 193 and defined in /home/bertoldiboats/public_html/protected/classes/class.Html_Page.php on line 290
[04-Jul-2023 15:51:07 UTC] PHP Warning:  Missing argument 3 for Html_Page::html_titolo_pagina(), called in /home/bertoldiboats/public_html/protected/modules/ruolo/ruolo.php on line 193 and defined in /home/bertoldiboats/public_html/protected/classes/class.Html_Page.php on line 290
[04-Jul-2023 15:51:07 UTC] PHP Warning:  Missing argument 4 for Html_Page::html_titolo_pagina(), called in /home/bertoldiboats/public_html/protected/modules/ruolo/ruolo.php on line 193 and defined in /home/bertoldiboats/public_html/protected/classes/class.Html_Page.php on line 290
[04-Jul-2023 15:51:07 UTC] PHP Notice:  Undefined variable: torna in /home/bertoldiboats/public_html/protected/classes/class.Html_Page.php on line 294
[04-Jul-2023 15:51:08 UTC] PHP Deprecated:  mysql_pconnect(): The mysql extension is deprecated and will be removed in the future: use mysqli or PDO instead in /home/bertoldiboats/public_html/protected/modules/ruolo/ruolo_processing.php on line 41
[04-Jul-2023 15:51:09 UTC] PHP Notice:  Undefined variable: ruolo in /home/bertoldiboats/public_html/protected/modules/ruolo/ruolo.php on line 88
[04-Jul-2023 15:51:09 UTC] PHP Notice:  Trying to get property of non-object in /home/bertoldiboats/public_html/protected/modules/ruolo/ruolo.php on line 88
[04-Jul-2023 15:51:09 UTC] PHP Notice:  Undefined variable: Nome in /home/bertoldiboats/public_html/protected/modules/ruolo/ruolo.php on line 89
[04-Jul-2023 15:51:09 UTC] PHP Notice:  Undefined variable: Nome in /home/bertoldiboats/public_html/protected/modules/ruolo/ruolo.php on line 90
[04-Jul-2023 15:51:09 UTC] PHP Notice:  Undefined variable: ruoloId in /home/bertoldiboats/public_html/protected/modules/ruolo/ruolo.php on line 93
[04-Jul-2023 15:51:09 UTC] PHP Warning:  Creating default object from empty value in /home/bertoldiboats/public_html/protected/modules/ruolo/ruolo.php on line 21
[04-Jul-2023 17:13:23 UTC] PHP Warning:  Missing argument 2 for Html_Page::html_titolo_pagina(), called in /home/bertoldiboats/public_html/protected/modules/ruolo/ruolo.php on line 193 and defined in /home/bertoldiboats/public_html/protected/classes/class.Html_Page.php on line 290
[04-Jul-2023 17:13:23 UTC] PHP Warning:  Missing argument 3 for Html_Page::html_titolo_pagina(), called in /home/bertoldiboats/public_html/protected/modules/ruolo/ruolo.php on line 193 and defined in /home/bertoldiboats/public_html/protected/classes/class.Html_Page.php on line 290
[04-Jul-2023 17:13:23 UTC] PHP Warning:  Missing argument 4 for Html_Page::html_titolo_pagina(), called in /home/bertoldiboats/public_html/protected/modules/ruolo/ruolo.php on line 193 and defined in /home/bertoldiboats/public_html/protected/classes/class.Html_Page.php on line 290
[04-Jul-2023 17:13:23 UTC] PHP Notice:  Undefined variable: torna in /home/bertoldiboats/public_html/protected/classes/class.Html_Page.php on line 294
[04-Jul-2023 17:13:23 UTC] PHP Deprecated:  mysql_pconnect(): The mysql extension is deprecated and will be removed in the future: use mysqli or PDO instead in /home/bertoldiboats/public_html/protected/modules/ruolo/ruolo_processing.php on line 41
[04-Jul-2023 17:22:42 UTC] PHP Warning:  Missing argument 2 for Html_Page::html_titolo_pagina(), called in /home/bertoldiboats/public_html/protected/modules/ruolo/ruolo.php on line 193 and defined in /home/bertoldiboats/public_html/protected/classes/class.Html_Page.php on line 290
[04-Jul-2023 17:22:42 UTC] PHP Warning:  Missing argument 3 for Html_Page::html_titolo_pagina(), called in /home/bertoldiboats/public_html/protected/modules/ruolo/ruolo.php on line 193 and defined in /home/bertoldiboats/public_html/protected/classes/class.Html_Page.php on line 290
[04-Jul-2023 17:22:42 UTC] PHP Warning:  Missing argument 4 for Html_Page::html_titolo_pagina(), called in /home/bertoldiboats/public_html/protected/modules/ruolo/ruolo.php on line 193 and defined in /home/bertoldiboats/public_html/protected/classes/class.Html_Page.php on line 290
[04-Jul-2023 17:22:42 UTC] PHP Notice:  Undefined variable: torna in /home/bertoldiboats/public_html/protected/classes/class.Html_Page.php on line 294
[04-Jul-2023 17:22:42 UTC] PHP Deprecated:  mysql_pconnect(): The mysql extension is deprecated and will be removed in the future: use mysqli or PDO instead in /home/bertoldiboats/public_html/protected/modules/ruolo/ruolo_processing.php on line 41
[13-Jul-2023 13:47:48 UTC] PHP Warning:  Missing argument 2 for Html_Page::html_titolo_pagina(), called in /home/bertoldiboats/public_html/protected/modules/ruolo/ruolo.php on line 193 and defined in /home/bertoldiboats/public_html/protected/classes/class.Html_Page.php on line 290
[13-Jul-2023 13:47:48 UTC] PHP Warning:  Missing argument 3 for Html_Page::html_titolo_pagina(), called in /home/bertoldiboats/public_html/protected/modules/ruolo/ruolo.php on line 193 and defined in /home/bertoldiboats/public_html/protected/classes/class.Html_Page.php on line 290
[13-Jul-2023 13:47:48 UTC] PHP Warning:  Missing argument 4 for Html_Page::html_titolo_pagina(), called in /home/bertoldiboats/public_html/protected/modules/ruolo/ruolo.php on line 193 and defined in /home/bertoldiboats/public_html/protected/classes/class.Html_Page.php on line 290
[13-Jul-2023 13:47:48 UTC] PHP Notice:  Undefined variable: torna in /home/bertoldiboats/public_html/protected/classes/class.Html_Page.php on line 294
[13-Jul-2023 13:47:48 UTC] PHP Deprecated:  mysql_pconnect(): The mysql extension is deprecated and will be removed in the future: use mysqli or PDO instead in /home/bertoldiboats/public_html/protected/modules/ruolo/ruolo_processing.php on line 41
[21-Jul-2023 12:47:43 UTC] PHP Warning:  Missing argument 2 for Html_Page::html_titolo_pagina(), called in /home/bertoldiboats/public_html/protected/modules/ruolo/ruolo.php on line 193 and defined in /home/bertoldiboats/public_html/protected/classes/class.Html_Page.php on line 290
[21-Jul-2023 12:47:43 UTC] PHP Warning:  Missing argument 3 for Html_Page::html_titolo_pagina(), called in /home/bertoldiboats/public_html/protected/modules/ruolo/ruolo.php on line 193 and defined in /home/bertoldiboats/public_html/protected/classes/class.Html_Page.php on line 290
[21-Jul-2023 12:47:43 UTC] PHP Warning:  Missing argument 4 for Html_Page::html_titolo_pagina(), called in /home/bertoldiboats/public_html/protected/modules/ruolo/ruolo.php on line 193 and defined in /home/bertoldiboats/public_html/protected/classes/class.Html_Page.php on line 290
[21-Jul-2023 12:47:43 UTC] PHP Notice:  Undefined variable: torna in /home/bertoldiboats/public_html/protected/classes/class.Html_Page.php on line 294
[21-Jul-2023 12:47:43 UTC] PHP Deprecated:  mysql_pconnect(): The mysql extension is deprecated and will be removed in the future: use mysqli or PDO instead in /home/bertoldiboats/public_html/protected/modules/ruolo/ruolo_processing.php on line 41
[28-Jul-2023 14:07:35 UTC] PHP Warning:  Missing argument 2 for Html_Page::html_titolo_pagina(), called in /home/bertoldiboats/public_html/protected/modules/ruolo/ruolo.php on line 193 and defined in /home/bertoldiboats/public_html/protected/classes/class.Html_Page.php on line 290
[28-Jul-2023 14:07:35 UTC] PHP Warning:  Missing argument 3 for Html_Page::html_titolo_pagina(), called in /home/bertoldiboats/public_html/protected/modules/ruolo/ruolo.php on line 193 and defined in /home/bertoldiboats/public_html/protected/classes/class.Html_Page.php on line 290
[28-Jul-2023 14:07:35 UTC] PHP Warning:  Missing argument 4 for Html_Page::html_titolo_pagina(), called in /home/bertoldiboats/public_html/protected/modules/ruolo/ruolo.php on line 193 and defined in /home/bertoldiboats/public_html/protected/classes/class.Html_Page.php on line 290
[28-Jul-2023 14:07:35 UTC] PHP Notice:  Undefined variable: torna in /home/bertoldiboats/public_html/protected/classes/class.Html_Page.php on line 294
[28-Jul-2023 14:07:35 UTC] PHP Deprecated:  mysql_pconnect(): The mysql extension is deprecated and will be removed in the future: use mysqli or PDO instead in /home/bertoldiboats/public_html/protected/modules/ruolo/ruolo_processing.php on line 41
[06-Oct-2023 12:28:27 UTC] PHP Warning:  Missing argument 2 for Html_Page::html_titolo_pagina(), called in /home/bertoldiboats/public_html/protected/modules/ruolo/ruolo.php on line 193 and defined in /home/bertoldiboats/public_html/protected/classes/class.Html_Page.php on line 290
[06-Oct-2023 12:28:27 UTC] PHP Warning:  Missing argument 3 for Html_Page::html_titolo_pagina(), called in /home/bertoldiboats/public_html/protected/modules/ruolo/ruolo.php on line 193 and defined in /home/bertoldiboats/public_html/protected/classes/class.Html_Page.php on line 290
[06-Oct-2023 12:28:27 UTC] PHP Warning:  Missing argument 4 for Html_Page::html_titolo_pagina(), called in /home/bertoldiboats/public_html/protected/modules/ruolo/ruolo.php on line 193 and defined in /home/bertoldiboats/public_html/protected/classes/class.Html_Page.php on line 290
[06-Oct-2023 12:28:27 UTC] PHP Notice:  Undefined variable: torna in /home/bertoldiboats/public_html/protected/classes/class.Html_Page.php on line 294
[06-Oct-2023 12:28:27 UTC] PHP Deprecated:  mysql_pconnect(): The mysql extension is deprecated and will be removed in the future: use mysqli or PDO instead in /home/bertoldiboats/public_html/protected/modules/ruolo/ruolo_processing.php on line 41
[06-Oct-2023 12:28:48 UTC] PHP Warning:  Missing argument 2 for Html_Page::html_titolo_pagina(), called in /home/bertoldiboats/public_html/protected/modules/ruolo/ruolo.php on line 193 and defined in /home/bertoldiboats/public_html/protected/classes/class.Html_Page.php on line 290
[06-Oct-2023 12:28:48 UTC] PHP Warning:  Missing argument 3 for Html_Page::html_titolo_pagina(), called in /home/bertoldiboats/public_html/protected/modules/ruolo/ruolo.php on line 193 and defined in /home/bertoldiboats/public_html/protected/classes/class.Html_Page.php on line 290
[06-Oct-2023 12:28:48 UTC] PHP Warning:  Missing argument 4 for Html_Page::html_titolo_pagina(), called in /home/bertoldiboats/public_html/protected/modules/ruolo/ruolo.php on line 193 and defined in /home/bertoldiboats/public_html/protected/classes/class.Html_Page.php on line 290
[06-Oct-2023 12:28:48 UTC] PHP Notice:  Undefined variable: torna in /home/bertoldiboats/public_html/protected/classes/class.Html_Page.php on line 294
[06-Oct-2023 12:28:48 UTC] PHP Deprecated:  mysql_pconnect(): The mysql extension is deprecated and will be removed in the future: use mysqli or PDO instead in /home/bertoldiboats/public_html/protected/modules/ruolo/ruolo_processing.php on line 41
[19-Oct-2023 15:27:09 UTC] PHP Warning:  Missing argument 2 for Html_Page::html_titolo_pagina(), called in /home/bertoldiboats/public_html/protected/modules/ruolo/ruolo.php on line 193 and defined in /home/bertoldiboats/public_html/protected/classes/class.Html_Page.php on line 290
[19-Oct-2023 15:27:09 UTC] PHP Warning:  Missing argument 3 for Html_Page::html_titolo_pagina(), called in /home/bertoldiboats/public_html/protected/modules/ruolo/ruolo.php on line 193 and defined in /home/bertoldiboats/public_html/protected/classes/class.Html_Page.php on line 290
[19-Oct-2023 15:27:09 UTC] PHP Warning:  Missing argument 4 for Html_Page::html_titolo_pagina(), called in /home/bertoldiboats/public_html/protected/modules/ruolo/ruolo.php on line 193 and defined in /home/bertoldiboats/public_html/protected/classes/class.Html_Page.php on line 290
[19-Oct-2023 15:27:09 UTC] PHP Notice:  Undefined variable: torna in /home/bertoldiboats/public_html/protected/classes/class.Html_Page.php on line 294
[19-Oct-2023 15:27:09 UTC] PHP Deprecated:  mysql_pconnect(): The mysql extension is deprecated and will be removed in the future: use mysqli or PDO instead in /home/bertoldiboats/public_html/protected/modules/ruolo/ruolo_processing.php on line 41
[19-Oct-2023 15:28:18 UTC] PHP Warning:  Missing argument 2 for Html_Page::html_titolo_pagina(), called in /home/bertoldiboats/public_html/protected/modules/ruolo/ruolo.php on line 193 and defined in /home/bertoldiboats/public_html/protected/classes/class.Html_Page.php on line 290
[19-Oct-2023 15:28:18 UTC] PHP Warning:  Missing argument 3 for Html_Page::html_titolo_pagina(), called in /home/bertoldiboats/public_html/protected/modules/ruolo/ruolo.php on line 193 and defined in /home/bertoldiboats/public_html/protected/classes/class.Html_Page.php on line 290
[19-Oct-2023 15:28:18 UTC] PHP Warning:  Missing argument 4 for Html_Page::html_titolo_pagina(), called in /home/bertoldiboats/public_html/protected/modules/ruolo/ruolo.php on line 193 and defined in /home/bertoldiboats/public_html/protected/classes/class.Html_Page.php on line 290
[19-Oct-2023 15:28:18 UTC] PHP Notice:  Undefined variable: torna in /home/bertoldiboats/public_html/protected/classes/class.Html_Page.php on line 294
[19-Oct-2023 15:28:19 UTC] PHP Deprecated:  mysql_pconnect(): The mysql extension is deprecated and will be removed in the future: use mysqli or PDO instead in /home/bertoldiboats/public_html/protected/modules/ruolo/ruolo_processing.php on line 41
[19-Oct-2023 15:32:01 UTC] PHP Warning:  Missing argument 2 for Html_Page::html_titolo_pagina(), called in /home/bertoldiboats/public_html/protected/modules/ruolo/ruolo.php on line 193 and defined in /home/bertoldiboats/public_html/protected/classes/class.Html_Page.php on line 290
[19-Oct-2023 15:32:01 UTC] PHP Warning:  Missing argument 3 for Html_Page::html_titolo_pagina(), called in /home/bertoldiboats/public_html/protected/modules/ruolo/ruolo.php on line 193 and defined in /home/bertoldiboats/public_html/protected/classes/class.Html_Page.php on line 290
[19-Oct-2023 15:32:01 UTC] PHP Warning:  Missing argument 4 for Html_Page::html_titolo_pagina(), called in /home/bertoldiboats/public_html/protected/modules/ruolo/ruolo.php on line 193 and defined in /home/bertoldiboats/public_html/protected/classes/class.Html_Page.php on line 290
[19-Oct-2023 15:32:01 UTC] PHP Notice:  Undefined variable: torna in /home/bertoldiboats/public_html/protected/classes/class.Html_Page.php on line 294
[19-Oct-2023 15:32:01 UTC] PHP Deprecated:  mysql_pconnect(): The mysql extension is deprecated and will be removed in the future: use mysqli or PDO instead in /home/bertoldiboats/public_html/protected/modules/ruolo/ruolo_processing.php on line 41
[19-Oct-2023 15:32:08 UTC] PHP Warning:  Missing argument 2 for Html_Page::html_titolo_pagina(), called in /home/bertoldiboats/public_html/protected/modules/ruolo/ruolo.php on line 193 and defined in /home/bertoldiboats/public_html/protected/classes/class.Html_Page.php on line 290
[19-Oct-2023 15:32:08 UTC] PHP Warning:  Missing argument 3 for Html_Page::html_titolo_pagina(), called in /home/bertoldiboats/public_html/protected/modules/ruolo/ruolo.php on line 193 and defined in /home/bertoldiboats/public_html/protected/classes/class.Html_Page.php on line 290
[19-Oct-2023 15:32:08 UTC] PHP Warning:  Missing argument 4 for Html_Page::html_titolo_pagina(), called in /home/bertoldiboats/public_html/protected/modules/ruolo/ruolo.php on line 193 and defined in /home/bertoldiboats/public_html/protected/classes/class.Html_Page.php on line 290
[19-Oct-2023 15:32:08 UTC] PHP Notice:  Undefined variable: torna in /home/bertoldiboats/public_html/protected/classes/class.Html_Page.php on line 294
[19-Oct-2023 15:32:09 UTC] PHP Deprecated:  mysql_pconnect(): The mysql extension is deprecated and will be removed in the future: use mysqli or PDO instead in /home/bertoldiboats/public_html/protected/modules/ruolo/ruolo_processing.php on line 41
[08-Nov-2023 08:28:26 UTC] PHP Warning:  Missing argument 2 for Html_Page::html_titolo_pagina(), called in /home/bertoldiboats/public_html/protected/modules/ruolo/ruolo.php on line 193 and defined in /home/bertoldiboats/public_html/protected/classes/class.Html_Page.php on line 290
[08-Nov-2023 08:28:26 UTC] PHP Warning:  Missing argument 3 for Html_Page::html_titolo_pagina(), called in /home/bertoldiboats/public_html/protected/modules/ruolo/ruolo.php on line 193 and defined in /home/bertoldiboats/public_html/protected/classes/class.Html_Page.php on line 290
[08-Nov-2023 08:28:26 UTC] PHP Warning:  Missing argument 4 for Html_Page::html_titolo_pagina(), called in /home/bertoldiboats/public_html/protected/modules/ruolo/ruolo.php on line 193 and defined in /home/bertoldiboats/public_html/protected/classes/class.Html_Page.php on line 290
[08-Nov-2023 08:28:26 UTC] PHP Notice:  Undefined variable: torna in /home/bertoldiboats/public_html/protected/classes/class.Html_Page.php on line 294
[08-Nov-2023 08:28:26 UTC] PHP Deprecated:  mysql_pconnect(): The mysql extension is deprecated and will be removed in the future: use mysqli or PDO instead in /home/bertoldiboats/public_html/protected/modules/ruolo/ruolo_processing.php on line 41
[08-Nov-2023 09:13:12 UTC] PHP Warning:  Missing argument 2 for Html_Page::html_titolo_pagina(), called in /home/bertoldiboats/public_html/protected/modules/ruolo/ruolo.php on line 193 and defined in /home/bertoldiboats/public_html/protected/classes/class.Html_Page.php on line 290
[08-Nov-2023 09:13:12 UTC] PHP Warning:  Missing argument 3 for Html_Page::html_titolo_pagina(), called in /home/bertoldiboats/public_html/protected/modules/ruolo/ruolo.php on line 193 and defined in /home/bertoldiboats/public_html/protected/classes/class.Html_Page.php on line 290
[08-Nov-2023 09:13:12 UTC] PHP Warning:  Missing argument 4 for Html_Page::html_titolo_pagina(), called in /home/bertoldiboats/public_html/protected/modules/ruolo/ruolo.php on line 193 and defined in /home/bertoldiboats/public_html/protected/classes/class.Html_Page.php on line 290
[08-Nov-2023 09:13:12 UTC] PHP Notice:  Undefined variable: torna in /home/bertoldiboats/public_html/protected/classes/class.Html_Page.php on line 294
[08-Nov-2023 09:13:12 UTC] PHP Deprecated:  mysql_pconnect(): The mysql extension is deprecated and will be removed in the future: use mysqli or PDO instead in /home/bertoldiboats/public_html/protected/modules/ruolo/ruolo_processing.php on line 41
[14-Nov-2023 08:14:46 UTC] PHP Warning:  Missing argument 2 for Html_Page::html_titolo_pagina(), called in /home/bertoldiboats/public_html/protected/modules/ruolo/ruolo.php on line 193 and defined in /home/bertoldiboats/public_html/protected/classes/class.Html_Page.php on line 290
[14-Nov-2023 08:14:46 UTC] PHP Warning:  Missing argument 3 for Html_Page::html_titolo_pagina(), called in /home/bertoldiboats/public_html/protected/modules/ruolo/ruolo.php on line 193 and defined in /home/bertoldiboats/public_html/protected/classes/class.Html_Page.php on line 290
[14-Nov-2023 08:14:46 UTC] PHP Warning:  Missing argument 4 for Html_Page::html_titolo_pagina(), called in /home/bertoldiboats/public_html/protected/modules/ruolo/ruolo.php on line 193 and defined in /home/bertoldiboats/public_html/protected/classes/class.Html_Page.php on line 290
[14-Nov-2023 08:14:46 UTC] PHP Notice:  Undefined variable: torna in /home/bertoldiboats/public_html/protected/classes/class.Html_Page.php on line 294
[14-Nov-2023 08:14:46 UTC] PHP Deprecated:  mysql_pconnect(): The mysql extension is deprecated and will be removed in the future: use mysqli or PDO instead in /home/bertoldiboats/public_html/protected/modules/ruolo/ruolo_processing.php on line 41
[27-Dec-2023 11:07:47 UTC] PHP Warning:  Missing argument 2 for Html_Page::html_titolo_pagina(), called in /home/bertoldiboats/public_html/protected/modules/ruolo/ruolo.php on line 193 and defined in /home/bertoldiboats/public_html/protected/classes/class.Html_Page.php on line 290
[27-Dec-2023 11:07:47 UTC] PHP Warning:  Missing argument 3 for Html_Page::html_titolo_pagina(), called in /home/bertoldiboats/public_html/protected/modules/ruolo/ruolo.php on line 193 and defined in /home/bertoldiboats/public_html/protected/classes/class.Html_Page.php on line 290
[27-Dec-2023 11:07:47 UTC] PHP Warning:  Missing argument 4 for Html_Page::html_titolo_pagina(), called in /home/bertoldiboats/public_html/protected/modules/ruolo/ruolo.php on line 193 and defined in /home/bertoldiboats/public_html/protected/classes/class.Html_Page.php on line 290
[27-Dec-2023 11:07:47 UTC] PHP Notice:  Undefined variable: torna in /home/bertoldiboats/public_html/protected/classes/class.Html_Page.php on line 294
[27-Dec-2023 11:07:48 UTC] PHP Deprecated:  mysql_pconnect(): The mysql extension is deprecated and will be removed in the future: use mysqli or PDO instead in /home/bertoldiboats/public_html/protected/modules/ruolo/ruolo_processing.php on line 41
[27-Dec-2023 11:32:30 UTC] PHP Warning:  Missing argument 2 for Html_Page::html_titolo_pagina(), called in /home/bertoldiboats/public_html/protected/modules/ruolo/ruolo.php on line 193 and defined in /home/bertoldiboats/public_html/protected/classes/class.Html_Page.php on line 290
[27-Dec-2023 11:32:30 UTC] PHP Warning:  Missing argument 3 for Html_Page::html_titolo_pagina(), called in /home/bertoldiboats/public_html/protected/modules/ruolo/ruolo.php on line 193 and defined in /home/bertoldiboats/public_html/protected/classes/class.Html_Page.php on line 290
[27-Dec-2023 11:32:30 UTC] PHP Warning:  Missing argument 4 for Html_Page::html_titolo_pagina(), called in /home/bertoldiboats/public_html/protected/modules/ruolo/ruolo.php on line 193 and defined in /home/bertoldiboats/public_html/protected/classes/class.Html_Page.php on line 290
[27-Dec-2023 11:32:30 UTC] PHP Notice:  Undefined variable: torna in /home/bertoldiboats/public_html/protected/classes/class.Html_Page.php on line 294
[27-Dec-2023 11:32:30 UTC] PHP Deprecated:  mysql_pconnect(): The mysql extension is deprecated and will be removed in the future: use mysqli or PDO instead in /home/bertoldiboats/public_html/protected/modules/ruolo/ruolo_processing.php on line 41
