[04-Jul-2023 19:23:03 UTC] PHP Notice:  Undefined index: regione in /home/bertoldiboats/public_html/protected/modules/regione/regione.php on line 40
[04-Jul-2023 19:23:03 UTC] PHP Notice:  Undefined index: nazione in /home/bertoldiboats/public_html/protected/modules/regione/regione.php on line 41
[04-Jul-2023 19:23:03 UTC] PHP Notice:  Undefined index: edita in /home/bertoldiboats/public_html/protected/modules/regione/regione.php on line 42
[04-Jul-2023 19:23:03 UTC] PHP Notice:  Undefined index: caricamento_in_corso in /home/bertoldiboats/public_html/protected/modules/regione/regione.php on line 57
[04-Jul-2023 19:23:03 UTC] PHP Deprecated:  mysql_pconnect(): The mysql extension is deprecated and will be removed in the future: use mysqli or PDO instead in /home/bertoldiboats/public_html/protected/modules/regione/regione_processing.php on line 32
[05-Oct-2023 14:21:45 UTC] PHP Notice:  Undefined index: regione in /home/bertoldiboats/public_html/protected/modules/regione/regione.php on line 317
[05-Oct-2023 14:21:45 UTC] PHP Notice:  Undefined variable: RegioneId in /home/bertoldiboats/public_html/protected/modules/regione/regione.php on line 317
[05-Oct-2023 14:25:00 UTC] PHP Notice:  Undefined index: regione in /home/bertoldiboats/public_html/protected/modules/regione/regione.php on line 317
[05-Oct-2023 14:25:00 UTC] PHP Notice:  Undefined variable: RegioneId in /home/bertoldiboats/public_html/protected/modules/regione/regione.php on line 317
[13-Oct-2023 14:52:16 UTC] PHP Notice:  Undefined index: regione in /home/bertoldiboats/public_html/protected/modules/regione/regione.php on line 317
[13-Oct-2023 14:52:16 UTC] PHP Notice:  Undefined variable: RegioneId in /home/bertoldiboats/public_html/protected/modules/regione/regione.php on line 317
[13-Oct-2023 14:55:52 UTC] PHP Notice:  Undefined variable: RegioneId in /home/bertoldiboats/public_html/protected/modules/regione/regione.php on line 317
[13-Oct-2023 14:56:30 UTC] PHP Notice:  Undefined variable: RegioneId in /home/bertoldiboats/public_html/protected/modules/regione/regione.php on line 317
[08-Nov-2023 08:41:28 UTC] PHP Notice:  Undefined variable: RegioneId in /home/bertoldiboats/public_html/protected/modules/regione/regione.php on line 317
[28-Dec-2023 10:14:21 UTC] PHP Notice:  Undefined variable: RegioneId in /home/bertoldiboats/public_html/protected/modules/regione/regione.php on line 317
[28-Dec-2023 10:54:01 UTC] PHP Notice:  Undefined variable: RegioneId in /home/bertoldiboats/public_html/protected/modules/regione/regione.php on line 317
[28-Dec-2023 10:56:48 UTC] PHP Notice:  Undefined variable: RegioneId in /home/bertoldiboats/public_html/protected/modules/regione/regione.php on line 317
[28-Dec-2023 10:58:01 UTC] PHP Notice:  Undefined variable: RegioneId in /home/bertoldiboats/public_html/protected/modules/regione/regione.php on line 317
[28-Dec-2023 11:00:09 UTC] PHP Notice:  Undefined variable: RegioneId in /home/bertoldiboats/public_html/protected/modules/regione/regione.php on line 317
[28-Dec-2023 11:01:14 UTC] PHP Notice:  Undefined variable: RegioneId in /home/bertoldiboats/public_html/protected/modules/regione/regione.php on line 317
[28-Dec-2023 11:02:09 UTC] PHP Notice:  Undefined variable: RegioneId in /home/bertoldiboats/public_html/protected/modules/regione/regione.php on line 317
[28-Dec-2023 11:03:26 UTC] PHP Notice:  Undefined variable: RegioneId in /home/bertoldiboats/public_html/protected/modules/regione/regione.php on line 317
[28-Dec-2023 11:05:10 UTC] PHP Notice:  Undefined variable: RegioneId in /home/bertoldiboats/public_html/protected/modules/regione/regione.php on line 317
[28-Dec-2023 11:06:02 UTC] PHP Notice:  Undefined variable: RegioneId in /home/bertoldiboats/public_html/protected/modules/regione/regione.php on line 317
[28-Dec-2023 11:06:47 UTC] PHP Notice:  Undefined variable: RegioneId in /home/bertoldiboats/public_html/protected/modules/regione/regione.php on line 317
[28-Dec-2023 11:07:58 UTC] PHP Notice:  Undefined variable: RegioneId in /home/bertoldiboats/public_html/protected/modules/regione/regione.php on line 317
[28-Dec-2023 11:10:53 UTC] PHP Notice:  Undefined variable: RegioneId in /home/bertoldiboats/public_html/protected/modules/regione/regione.php on line 317
