[01-Jun-2023 14:45:54 UTC] PHP Notice:  Undefined index: do in /home/bertoldiboats/public_html/protected/modules/rt_stampe/stampe_stats_base.php on line 138
[01-Jun-2023 14:45:54 UTC] PHP Notice:  Undefined variable: arr_corse in /home/bertoldiboats/public_html/protected/modules/rt_stampe/stampe_stats_base.php on line 61
[05-Jun-2023 09:09:14 UTC] PHP Notice:  Undefined index: do in /home/bertoldiboats/public_html/protected/modules/rt_stampe/stampe_stats_base.php on line 138
[05-Jun-2023 09:09:14 UTC] PHP Notice:  Undefined variable: arr_corse in /home/bertoldiboats/public_html/protected/modules/rt_stampe/stampe_stats_base.php on line 61
[06-Jun-2023 10:10:42 UTC] PHP Notice:  Undefined index: do in /home/bertoldiboats/public_html/protected/modules/rt_stampe/stampe_stats_base.php on line 138
[06-Jun-2023 10:10:42 UTC] PHP Notice:  Undefined variable: arr_corse in /home/bertoldiboats/public_html/protected/modules/rt_stampe/stampe_stats_base.php on line 61
[06-Jun-2023 10:38:20 UTC] PHP Notice:  Undefined index: do in /home/bertoldiboats/public_html/protected/modules/rt_stampe/stampe_stats_base.php on line 138
[06-Jun-2023 10:38:20 UTC] PHP Notice:  Undefined variable: arr_corse in /home/bertoldiboats/public_html/protected/modules/rt_stampe/stampe_stats_base.php on line 61
[06-Jun-2023 10:38:22 UTC] PHP Notice:  Undefined index: do in /home/bertoldiboats/public_html/protected/modules/rt_stampe/stampe_stats_base_processing.php on line 271
[06-Jun-2023 10:38:22 UTC] PHP Notice:  Undefined variable: post_gestore_id in /home/bertoldiboats/public_html/protected/modules/rt_stampe/stampe_stats_base_processing.php on line 197
[06-Jun-2023 10:38:22 UTC] PHP Notice:  Undefined variable: post_sede_id in /home/bertoldiboats/public_html/protected/modules/rt_stampe/stampe_stats_base_processing.php on line 208
[06-Jun-2023 10:38:22 UTC] PHP Notice:  Undefined variable: tipo_report1 in /home/bertoldiboats/public_html/protected/modules/rt_stampe/stampe_stats_base_processing.php on line 220
[22-Jun-2023 17:41:32 UTC] PHP Notice:  Undefined index: do in /home/bertoldiboats/public_html/protected/modules/rt_stampe/stampe_stats_base.php on line 138
[22-Jun-2023 17:41:32 UTC] PHP Notice:  Undefined variable: arr_corse in /home/bertoldiboats/public_html/protected/modules/rt_stampe/stampe_stats_base.php on line 61
[04-Jul-2023 19:08:13 UTC] PHP Notice:  Undefined index: do in /home/bertoldiboats/public_html/protected/modules/rt_stampe/stampe_stats_base_ann.php on line 183
[04-Jul-2023 19:08:13 UTC] PHP Notice:  Undefined variable: arr_corse in /home/bertoldiboats/public_html/protected/modules/rt_stampe/stampe_stats_base_ann.php on line 74
[04-Jul-2023 19:08:16 UTC] PHP Notice:  Undefined index: do in /home/bertoldiboats/public_html/protected/modules/rt_stampe/stampe_stats_base_ann_processing.php on line 276
[04-Jul-2023 19:08:16 UTC] PHP Notice:  Undefined variable: post_gestore_id in /home/bertoldiboats/public_html/protected/modules/rt_stampe/stampe_stats_base_ann_processing.php on line 195
[04-Jul-2023 19:08:16 UTC] PHP Notice:  Undefined variable: post_sede_id in /home/bertoldiboats/public_html/protected/modules/rt_stampe/stampe_stats_base_ann_processing.php on line 206
[04-Jul-2023 19:08:16 UTC] PHP Notice:  Undefined variable: tipo_report1 in /home/bertoldiboats/public_html/protected/modules/rt_stampe/stampe_stats_base_ann_processing.php on line 218
[04-Jul-2023 19:08:26 UTC] PHP Notice:  Undefined index: do in /home/bertoldiboats/public_html/protected/modules/rt_stampe/stampe_stats_base.php on line 138
[04-Jul-2023 19:08:26 UTC] PHP Notice:  Undefined variable: arr_corse in /home/bertoldiboats/public_html/protected/modules/rt_stampe/stampe_stats_base.php on line 61
[04-Jul-2023 19:08:28 UTC] PHP Notice:  Undefined index: do in /home/bertoldiboats/public_html/protected/modules/rt_stampe/stampe_stats_base_processing.php on line 271
[04-Jul-2023 19:08:28 UTC] PHP Notice:  Undefined variable: post_gestore_id in /home/bertoldiboats/public_html/protected/modules/rt_stampe/stampe_stats_base_processing.php on line 197
[04-Jul-2023 19:08:28 UTC] PHP Notice:  Undefined variable: post_sede_id in /home/bertoldiboats/public_html/protected/modules/rt_stampe/stampe_stats_base_processing.php on line 208
[04-Jul-2023 19:08:28 UTC] PHP Notice:  Undefined variable: tipo_report1 in /home/bertoldiboats/public_html/protected/modules/rt_stampe/stampe_stats_base_processing.php on line 220
[04-Jul-2023 19:23:41 UTC] PHP Notice:  Undefined index: do in /home/bertoldiboats/public_html/protected/modules/rt_stampe/stampe_servizio_processing.php on line 200
[04-Jul-2023 19:23:41 UTC] PHP Notice:  Undefined index: SedeId in /home/bertoldiboats/public_html/protected/modules/rt_stampe/stampe_servizio_processing.php on line 45
[04-Jul-2023 19:23:41 UTC] PHP Notice:  Undefined index: Al in /home/bertoldiboats/public_html/protected/modules/rt_stampe/stampe_servizio_processing.php on line 48
[04-Jul-2023 19:23:41 UTC] PHP Notice:  Undefined offset: 1 in /home/bertoldiboats/public_html/protected/classes/class.DT.php on line 113
[04-Jul-2023 19:23:41 UTC] PHP Notice:  Undefined offset: 1 in /home/bertoldiboats/public_html/protected/classes/class.DT.php on line 114
[04-Jul-2023 19:23:41 UTC] PHP Notice:  Undefined offset: 1 in /home/bertoldiboats/public_html/protected/classes/class.DT.php on line 115
[04-Jul-2023 19:23:41 UTC] PHP Notice:  Undefined offset: 1 in /home/bertoldiboats/public_html/protected/classes/class.DT.php on line 107
[04-Jul-2023 19:23:41 UTC] PHP Notice:  Undefined offset: 1 in /home/bertoldiboats/public_html/protected/classes/class.DT.php on line 121
[04-Jul-2023 19:23:41 UTC] PHP Notice:  Undefined index: arrivi in /home/bertoldiboats/public_html/protected/modules/rt_stampe/stampe_servizio_processing.php on line 84
[04-Jul-2023 19:23:41 UTC] PHP Notice:  Undefined index: arrivi in /home/bertoldiboats/public_html/protected/modules/rt_stampe/stampe_servizio_processing.php on line 85
[04-Jul-2023 19:23:41 UTC] PHP Notice:  Undefined variable: post_gestore_id in /home/bertoldiboats/public_html/protected/modules/rt_stampe/stampe_servizio_processing.php on line 143
[04-Jul-2023 19:23:41 UTC] PHP Notice:  Undefined variable: tipo_report1 in /home/bertoldiboats/public_html/protected/modules/rt_stampe/stampe_servizio_processing.php on line 166
[04-Jul-2023 19:23:57 UTC] PHP Notice:  Undefined index: do in /home/bertoldiboats/public_html/protected/modules/rt_stampe/stampe_servizio_processing.php on line 200
[04-Jul-2023 19:23:57 UTC] PHP Notice:  Undefined index: SedeId in /home/bertoldiboats/public_html/protected/modules/rt_stampe/stampe_servizio_processing.php on line 45
[04-Jul-2023 19:23:57 UTC] PHP Notice:  Undefined index: Al in /home/bertoldiboats/public_html/protected/modules/rt_stampe/stampe_servizio_processing.php on line 48
[04-Jul-2023 19:23:57 UTC] PHP Notice:  Undefined offset: 1 in /home/bertoldiboats/public_html/protected/classes/class.DT.php on line 113
[04-Jul-2023 19:23:57 UTC] PHP Notice:  Undefined offset: 1 in /home/bertoldiboats/public_html/protected/classes/class.DT.php on line 114
[04-Jul-2023 19:23:57 UTC] PHP Notice:  Undefined offset: 1 in /home/bertoldiboats/public_html/protected/classes/class.DT.php on line 115
[04-Jul-2023 19:23:57 UTC] PHP Notice:  Undefined offset: 1 in /home/bertoldiboats/public_html/protected/classes/class.DT.php on line 107
[04-Jul-2023 19:23:57 UTC] PHP Notice:  Undefined offset: 1 in /home/bertoldiboats/public_html/protected/classes/class.DT.php on line 121
[04-Jul-2023 19:23:57 UTC] PHP Notice:  Undefined index: arrivi in /home/bertoldiboats/public_html/protected/modules/rt_stampe/stampe_servizio_processing.php on line 84
[04-Jul-2023 19:23:57 UTC] PHP Notice:  Undefined index: arrivi in /home/bertoldiboats/public_html/protected/modules/rt_stampe/stampe_servizio_processing.php on line 85
[04-Jul-2023 19:23:57 UTC] PHP Notice:  Undefined variable: post_gestore_id in /home/bertoldiboats/public_html/protected/modules/rt_stampe/stampe_servizio_processing.php on line 143
[04-Jul-2023 19:23:57 UTC] PHP Notice:  Undefined variable: tipo_report1 in /home/bertoldiboats/public_html/protected/modules/rt_stampe/stampe_servizio_processing.php on line 166
[04-Jul-2023 19:24:01 UTC] PHP Notice:  Undefined index: do in /home/bertoldiboats/public_html/protected/modules/rt_stampe/stampe_servizio_processing.php on line 200
[04-Jul-2023 19:24:01 UTC] PHP Notice:  Undefined index: SedeId in /home/bertoldiboats/public_html/protected/modules/rt_stampe/stampe_servizio_processing.php on line 45
[04-Jul-2023 19:24:01 UTC] PHP Notice:  Undefined index: Al in /home/bertoldiboats/public_html/protected/modules/rt_stampe/stampe_servizio_processing.php on line 48
[04-Jul-2023 19:24:01 UTC] PHP Notice:  Undefined offset: 1 in /home/bertoldiboats/public_html/protected/classes/class.DT.php on line 113
[04-Jul-2023 19:24:01 UTC] PHP Notice:  Undefined offset: 1 in /home/bertoldiboats/public_html/protected/classes/class.DT.php on line 114
[04-Jul-2023 19:24:01 UTC] PHP Notice:  Undefined offset: 1 in /home/bertoldiboats/public_html/protected/classes/class.DT.php on line 115
[04-Jul-2023 19:24:01 UTC] PHP Notice:  Undefined offset: 1 in /home/bertoldiboats/public_html/protected/classes/class.DT.php on line 107
[04-Jul-2023 19:24:01 UTC] PHP Notice:  Undefined offset: 1 in /home/bertoldiboats/public_html/protected/classes/class.DT.php on line 121
[04-Jul-2023 19:24:01 UTC] PHP Notice:  Undefined index: arrivi in /home/bertoldiboats/public_html/protected/modules/rt_stampe/stampe_servizio_processing.php on line 84
[04-Jul-2023 19:24:01 UTC] PHP Notice:  Undefined index: arrivi in /home/bertoldiboats/public_html/protected/modules/rt_stampe/stampe_servizio_processing.php on line 85
[04-Jul-2023 19:24:01 UTC] PHP Notice:  Undefined variable: post_gestore_id in /home/bertoldiboats/public_html/protected/modules/rt_stampe/stampe_servizio_processing.php on line 143
[04-Jul-2023 19:24:01 UTC] PHP Notice:  Undefined variable: tipo_report1 in /home/bertoldiboats/public_html/protected/modules/rt_stampe/stampe_servizio_processing.php on line 166
[04-Jul-2023 19:24:05 UTC] PHP Notice:  Undefined index: do in /home/bertoldiboats/public_html/protected/modules/rt_stampe/stampe_servizio_processing.php on line 200
[04-Jul-2023 19:24:05 UTC] PHP Notice:  Undefined index: SedeId in /home/bertoldiboats/public_html/protected/modules/rt_stampe/stampe_servizio_processing.php on line 45
[04-Jul-2023 19:24:05 UTC] PHP Notice:  Undefined index: Al in /home/bertoldiboats/public_html/protected/modules/rt_stampe/stampe_servizio_processing.php on line 48
[04-Jul-2023 19:24:05 UTC] PHP Notice:  Undefined offset: 1 in /home/bertoldiboats/public_html/protected/classes/class.DT.php on line 113
[04-Jul-2023 19:24:05 UTC] PHP Notice:  Undefined offset: 1 in /home/bertoldiboats/public_html/protected/classes/class.DT.php on line 114
[04-Jul-2023 19:24:05 UTC] PHP Notice:  Undefined offset: 1 in /home/bertoldiboats/public_html/protected/classes/class.DT.php on line 115
[04-Jul-2023 19:24:05 UTC] PHP Notice:  Undefined offset: 1 in /home/bertoldiboats/public_html/protected/classes/class.DT.php on line 107
[04-Jul-2023 19:24:05 UTC] PHP Notice:  Undefined offset: 1 in /home/bertoldiboats/public_html/protected/classes/class.DT.php on line 121
[04-Jul-2023 19:24:05 UTC] PHP Notice:  Undefined variable: post_gestore_id in /home/bertoldiboats/public_html/protected/modules/rt_stampe/stampe_servizio_processing.php on line 143
[04-Jul-2023 19:24:05 UTC] PHP Notice:  Undefined index: FermataSalita in /home/bertoldiboats/public_html/protected/classes/as_reportool/as_reportool.php on line 429
[04-Jul-2023 19:24:18 UTC] PHP Notice:  Undefined index: do in /home/bertoldiboats/public_html/protected/modules/rt_stampe/stampe_servizio_processing.php on line 200
[04-Jul-2023 19:24:18 UTC] PHP Notice:  Undefined index: SedeId in /home/bertoldiboats/public_html/protected/modules/rt_stampe/stampe_servizio_processing.php on line 45
[04-Jul-2023 19:24:18 UTC] PHP Notice:  Undefined index: Al in /home/bertoldiboats/public_html/protected/modules/rt_stampe/stampe_servizio_processing.php on line 48
[04-Jul-2023 19:24:18 UTC] PHP Notice:  Undefined offset: 1 in /home/bertoldiboats/public_html/protected/classes/class.DT.php on line 113
[04-Jul-2023 19:24:18 UTC] PHP Notice:  Undefined offset: 1 in /home/bertoldiboats/public_html/protected/classes/class.DT.php on line 114
[04-Jul-2023 19:24:18 UTC] PHP Notice:  Undefined offset: 1 in /home/bertoldiboats/public_html/protected/classes/class.DT.php on line 115
[04-Jul-2023 19:24:18 UTC] PHP Notice:  Undefined offset: 1 in /home/bertoldiboats/public_html/protected/classes/class.DT.php on line 107
[04-Jul-2023 19:24:18 UTC] PHP Notice:  Undefined offset: 1 in /home/bertoldiboats/public_html/protected/classes/class.DT.php on line 121
[04-Jul-2023 19:24:18 UTC] PHP Notice:  Undefined variable: post_gestore_id in /home/bertoldiboats/public_html/protected/modules/rt_stampe/stampe_servizio_processing.php on line 143
[04-Jul-2023 19:24:18 UTC] PHP Notice:  Undefined index: FermataSalita in /home/bertoldiboats/public_html/protected/classes/as_reportool/as_reportool.php on line 429
[04-Jul-2023 19:24:38 UTC] PHP Notice:  Undefined index: do in /home/bertoldiboats/public_html/protected/modules/rt_stampe/stampe_stats_base.php on line 138
[04-Jul-2023 19:24:38 UTC] PHP Notice:  Undefined variable: arr_corse in /home/bertoldiboats/public_html/protected/modules/rt_stampe/stampe_stats_base.php on line 61
[04-Jul-2023 19:24:40 UTC] PHP Notice:  Undefined index: do in /home/bertoldiboats/public_html/protected/modules/rt_stampe/stampe_stats_base_processing.php on line 271
[04-Jul-2023 19:24:40 UTC] PHP Notice:  Undefined variable: post_gestore_id in /home/bertoldiboats/public_html/protected/modules/rt_stampe/stampe_stats_base_processing.php on line 197
[04-Jul-2023 19:24:40 UTC] PHP Notice:  Undefined variable: post_sede_id in /home/bertoldiboats/public_html/protected/modules/rt_stampe/stampe_stats_base_processing.php on line 208
[04-Jul-2023 19:24:40 UTC] PHP Notice:  Undefined variable: tipo_report1 in /home/bertoldiboats/public_html/protected/modules/rt_stampe/stampe_stats_base_processing.php on line 220
[04-Jul-2023 19:25:53 UTC] PHP Notice:  Undefined index: do in /home/bertoldiboats/public_html/protected/modules/rt_stampe/stampe_stats_base.php on line 138
[04-Jul-2023 19:25:53 UTC] PHP Notice:  Undefined variable: arr_corse in /home/bertoldiboats/public_html/protected/modules/rt_stampe/stampe_stats_base.php on line 61
[04-Jul-2023 19:26:00 UTC] PHP Notice:  Undefined index: do in /home/bertoldiboats/public_html/protected/modules/rt_stampe/stampe_stats_base_processing.php on line 271
[04-Jul-2023 19:26:00 UTC] PHP Notice:  Undefined variable: post_gestore_id in /home/bertoldiboats/public_html/protected/modules/rt_stampe/stampe_stats_base_processing.php on line 197
[04-Jul-2023 19:26:00 UTC] PHP Notice:  Undefined variable: post_sede_id in /home/bertoldiboats/public_html/protected/modules/rt_stampe/stampe_stats_base_processing.php on line 208
[04-Jul-2023 19:26:00 UTC] PHP Notice:  Undefined variable: tipo_report1 in /home/bertoldiboats/public_html/protected/modules/rt_stampe/stampe_stats_base_processing.php on line 220
[04-Jul-2023 19:27:23 UTC] PHP Notice:  Undefined index: do in /home/bertoldiboats/public_html/protected/modules/rt_stampe/stampe_stats_base.php on line 138
[04-Jul-2023 19:27:23 UTC] PHP Notice:  Undefined variable: arr_corse in /home/bertoldiboats/public_html/protected/modules/rt_stampe/stampe_stats_base.php on line 61
[04-Jul-2023 19:27:26 UTC] PHP Notice:  Undefined index: do in /home/bertoldiboats/public_html/protected/modules/rt_stampe/stampe_stats_base_processing.php on line 271
[04-Jul-2023 19:27:26 UTC] PHP Notice:  Undefined variable: post_gestore_id in /home/bertoldiboats/public_html/protected/modules/rt_stampe/stampe_stats_base_processing.php on line 197
[04-Jul-2023 19:27:26 UTC] PHP Notice:  Undefined variable: post_sede_id in /home/bertoldiboats/public_html/protected/modules/rt_stampe/stampe_stats_base_processing.php on line 208
[04-Jul-2023 19:27:26 UTC] PHP Notice:  Undefined variable: tipo_report1 in /home/bertoldiboats/public_html/protected/modules/rt_stampe/stampe_stats_base_processing.php on line 220
[04-Jul-2023 19:27:55 UTC] PHP Notice:  Undefined index: do in /home/bertoldiboats/public_html/protected/modules/rt_stampe/stampe_stats_base_ann.php on line 183
[04-Jul-2023 19:27:55 UTC] PHP Notice:  Undefined variable: arr_corse in /home/bertoldiboats/public_html/protected/modules/rt_stampe/stampe_stats_base_ann.php on line 74
[04-Jul-2023 19:27:56 UTC] PHP Notice:  Undefined index: do in /home/bertoldiboats/public_html/protected/modules/rt_stampe/stampe_stats_base_ann_processing.php on line 276
[04-Jul-2023 19:27:56 UTC] PHP Notice:  Undefined variable: post_gestore_id in /home/bertoldiboats/public_html/protected/modules/rt_stampe/stampe_stats_base_ann_processing.php on line 195
[04-Jul-2023 19:27:56 UTC] PHP Notice:  Undefined variable: post_sede_id in /home/bertoldiboats/public_html/protected/modules/rt_stampe/stampe_stats_base_ann_processing.php on line 206
[04-Jul-2023 19:27:56 UTC] PHP Notice:  Undefined variable: tipo_report1 in /home/bertoldiboats/public_html/protected/modules/rt_stampe/stampe_stats_base_ann_processing.php on line 218
[13-Jul-2023 13:48:33 UTC] PHP Notice:  Undefined index: do in /home/bertoldiboats/public_html/protected/modules/rt_stampe/stampe_stats_base.php on line 138
[13-Jul-2023 13:48:33 UTC] PHP Notice:  Undefined variable: arr_corse in /home/bertoldiboats/public_html/protected/modules/rt_stampe/stampe_stats_base.php on line 61
[13-Jul-2023 13:48:35 UTC] PHP Notice:  Undefined index: do in /home/bertoldiboats/public_html/protected/modules/rt_stampe/stampe_stats_base_processing.php on line 271
[13-Jul-2023 13:48:35 UTC] PHP Notice:  Undefined variable: post_gestore_id in /home/bertoldiboats/public_html/protected/modules/rt_stampe/stampe_stats_base_processing.php on line 197
[13-Jul-2023 13:48:35 UTC] PHP Notice:  Undefined variable: post_sede_id in /home/bertoldiboats/public_html/protected/modules/rt_stampe/stampe_stats_base_processing.php on line 208
[13-Jul-2023 13:48:35 UTC] PHP Notice:  Undefined variable: tipo_report1 in /home/bertoldiboats/public_html/protected/modules/rt_stampe/stampe_stats_base_processing.php on line 220
[21-Jul-2023 12:06:14 UTC] PHP Notice:  Undefined index: do in /home/bertoldiboats/public_html/protected/modules/rt_stampe/stampe_servizio_processing.php on line 200
[21-Jul-2023 12:06:14 UTC] PHP Notice:  Undefined index: SedeId in /home/bertoldiboats/public_html/protected/modules/rt_stampe/stampe_servizio_processing.php on line 45
[21-Jul-2023 12:06:14 UTC] PHP Notice:  Undefined index: Al in /home/bertoldiboats/public_html/protected/modules/rt_stampe/stampe_servizio_processing.php on line 48
[21-Jul-2023 12:06:14 UTC] PHP Notice:  Undefined offset: 1 in /home/bertoldiboats/public_html/protected/classes/class.DT.php on line 113
[21-Jul-2023 12:06:14 UTC] PHP Notice:  Undefined offset: 1 in /home/bertoldiboats/public_html/protected/classes/class.DT.php on line 114
[21-Jul-2023 12:06:14 UTC] PHP Notice:  Undefined offset: 1 in /home/bertoldiboats/public_html/protected/classes/class.DT.php on line 115
[21-Jul-2023 12:06:14 UTC] PHP Notice:  Undefined offset: 1 in /home/bertoldiboats/public_html/protected/classes/class.DT.php on line 107
[21-Jul-2023 12:06:14 UTC] PHP Notice:  Undefined offset: 1 in /home/bertoldiboats/public_html/protected/classes/class.DT.php on line 121
[21-Jul-2023 12:06:14 UTC] PHP Notice:  Undefined index: arrivi in /home/bertoldiboats/public_html/protected/modules/rt_stampe/stampe_servizio_processing.php on line 84
[21-Jul-2023 12:06:14 UTC] PHP Notice:  Undefined index: arrivi in /home/bertoldiboats/public_html/protected/modules/rt_stampe/stampe_servizio_processing.php on line 85
[21-Jul-2023 12:06:14 UTC] PHP Notice:  Undefined variable: post_gestore_id in /home/bertoldiboats/public_html/protected/modules/rt_stampe/stampe_servizio_processing.php on line 143
[21-Jul-2023 12:06:14 UTC] PHP Notice:  Undefined variable: tipo_report1 in /home/bertoldiboats/public_html/protected/modules/rt_stampe/stampe_servizio_processing.php on line 166
[11-Aug-2023 20:29:27 UTC] PHP Notice:  Undefined index: do in /home/bertoldiboats/public_html/protected/modules/rt_stampe/stampe_stats_base.php on line 138
[11-Aug-2023 20:29:27 UTC] PHP Notice:  Undefined variable: arr_corse in /home/bertoldiboats/public_html/protected/modules/rt_stampe/stampe_stats_base.php on line 61
[17-Sep-2023 09:14:47 UTC] PHP Notice:  Undefined index: do in /home/bertoldiboats/public_html/protected/modules/rt_stampe/stampe_stats_base.php on line 138
[17-Sep-2023 09:14:47 UTC] PHP Notice:  Undefined variable: arr_corse in /home/bertoldiboats/public_html/protected/modules/rt_stampe/stampe_stats_base.php on line 61
[16-Oct-2023 17:30:34 UTC] PHP Notice:  Undefined index: do in /home/bertoldiboats/public_html/protected/modules/rt_stampe/stampe_stats_base.php on line 138
[16-Oct-2023 17:30:34 UTC] PHP Notice:  Undefined variable: arr_corse in /home/bertoldiboats/public_html/protected/modules/rt_stampe/stampe_stats_base.php on line 61
[16-Oct-2023 19:30:36 UTC] PHP Notice:  Undefined index: do in /home/bertoldiboats/public_html/protected/modules/rt_stampe/stampe_stats_base.php on line 138
[16-Oct-2023 19:30:36 UTC] PHP Notice:  Undefined variable: arr_corse in /home/bertoldiboats/public_html/protected/modules/rt_stampe/stampe_stats_base.php on line 61
[17-Oct-2023 12:50:57 UTC] PHP Notice:  Undefined index: do in /home/bertoldiboats/public_html/protected/modules/rt_stampe/stampe_stats_base.php on line 138
[17-Oct-2023 12:50:57 UTC] PHP Notice:  Undefined variable: arr_corse in /home/bertoldiboats/public_html/protected/modules/rt_stampe/stampe_stats_base.php on line 61
[17-Oct-2023 12:51:03 UTC] PHP Notice:  Undefined index: do in /home/bertoldiboats/public_html/protected/modules/rt_stampe/stampe_stats_base.php on line 138
[17-Oct-2023 12:51:03 UTC] PHP Notice:  Undefined variable: arr_corse in /home/bertoldiboats/public_html/protected/modules/rt_stampe/stampe_stats_base.php on line 61
[17-Oct-2023 12:51:07 UTC] PHP Notice:  Undefined index: ContaId in /home/bertoldiboats/public_html/protected/modules/rt_stampe/get_corse_by_linea.php on line 24
[17-Oct-2023 12:51:10 UTC] PHP Notice:  Undefined index: do in /home/bertoldiboats/public_html/protected/modules/rt_stampe/stampe_stats_base_processing.php on line 271
[17-Oct-2023 12:51:10 UTC] PHP Notice:  Undefined variable: post_gestore_id in /home/bertoldiboats/public_html/protected/modules/rt_stampe/stampe_stats_base_processing.php on line 197
[17-Oct-2023 12:51:10 UTC] PHP Notice:  Undefined variable: post_sede_id in /home/bertoldiboats/public_html/protected/modules/rt_stampe/stampe_stats_base_processing.php on line 208
[17-Oct-2023 12:51:10 UTC] PHP Notice:  Undefined variable: tipo_report1 in /home/bertoldiboats/public_html/protected/modules/rt_stampe/stampe_stats_base_processing.php on line 220
[17-Oct-2023 12:51:19 UTC] PHP Notice:  Undefined index: do in /home/bertoldiboats/public_html/protected/modules/rt_stampe/stampe_stats_base_processing.php on line 271
[17-Oct-2023 12:51:19 UTC] PHP Notice:  Undefined variable: post_gestore_id in /home/bertoldiboats/public_html/protected/modules/rt_stampe/stampe_stats_base_processing.php on line 197
[17-Oct-2023 12:51:19 UTC] PHP Notice:  Undefined variable: post_sede_id in /home/bertoldiboats/public_html/protected/modules/rt_stampe/stampe_stats_base_processing.php on line 208
[17-Oct-2023 12:51:19 UTC] PHP Notice:  Undefined variable: tipo_report1 in /home/bertoldiboats/public_html/protected/modules/rt_stampe/stampe_stats_base_processing.php on line 220
[17-Oct-2023 12:51:43 UTC] PHP Notice:  Undefined index: do in /home/bertoldiboats/public_html/protected/modules/rt_stampe/stampe_stats_base_ann.php on line 183
[17-Oct-2023 12:51:43 UTC] PHP Notice:  Undefined variable: arr_corse in /home/bertoldiboats/public_html/protected/modules/rt_stampe/stampe_stats_base_ann.php on line 74
[17-Oct-2023 12:51:49 UTC] PHP Notice:  Undefined index: do in /home/bertoldiboats/public_html/protected/modules/rt_stampe/stampe_stats_base_ann_processing.php on line 276
[17-Oct-2023 12:51:49 UTC] PHP Notice:  Undefined variable: post_gestore_id in /home/bertoldiboats/public_html/protected/modules/rt_stampe/stampe_stats_base_ann_processing.php on line 195
[17-Oct-2023 12:51:49 UTC] PHP Notice:  Undefined variable: post_sede_id in /home/bertoldiboats/public_html/protected/modules/rt_stampe/stampe_stats_base_ann_processing.php on line 206
[17-Oct-2023 12:51:49 UTC] PHP Notice:  Undefined variable: tipo_report1 in /home/bertoldiboats/public_html/protected/modules/rt_stampe/stampe_stats_base_ann_processing.php on line 218
[17-Oct-2023 12:51:53 UTC] PHP Notice:  Undefined index: do in /home/bertoldiboats/public_html/protected/modules/rt_stampe/stampe_stats_base_ann_processing.php on line 276
[17-Oct-2023 12:51:53 UTC] PHP Notice:  Undefined variable: post_gestore_id in /home/bertoldiboats/public_html/protected/modules/rt_stampe/stampe_stats_base_ann_processing.php on line 195
[17-Oct-2023 12:51:53 UTC] PHP Notice:  Undefined variable: post_sede_id in /home/bertoldiboats/public_html/protected/modules/rt_stampe/stampe_stats_base_ann_processing.php on line 206
[17-Oct-2023 12:51:53 UTC] PHP Notice:  Undefined variable: tipo_report1 in /home/bertoldiboats/public_html/protected/modules/rt_stampe/stampe_stats_base_ann_processing.php on line 218
[10-Nov-2023 19:20:44 UTC] PHP Notice:  Undefined index: do in /home/bertoldiboats/public_html/protected/modules/rt_stampe/stampe_stats_base.php on line 138
[10-Nov-2023 19:20:44 UTC] PHP Notice:  Undefined variable: arr_corse in /home/bertoldiboats/public_html/protected/modules/rt_stampe/stampe_stats_base.php on line 61
[10-Nov-2023 19:20:49 UTC] PHP Notice:  Undefined index: do in /home/bertoldiboats/public_html/protected/modules/rt_stampe/stampe_stats_base_processing.php on line 271
[10-Nov-2023 19:20:49 UTC] PHP Notice:  Undefined variable: post_gestore_id in /home/bertoldiboats/public_html/protected/modules/rt_stampe/stampe_stats_base_processing.php on line 197
[10-Nov-2023 19:20:49 UTC] PHP Notice:  Undefined variable: post_sede_id in /home/bertoldiboats/public_html/protected/modules/rt_stampe/stampe_stats_base_processing.php on line 208
[10-Nov-2023 19:20:49 UTC] PHP Notice:  Undefined variable: tipo_report1 in /home/bertoldiboats/public_html/protected/modules/rt_stampe/stampe_stats_base_processing.php on line 220
[23-Nov-2023 08:57:45 UTC] PHP Notice:  Undefined index: do in /home/bertoldiboats/public_html/protected/modules/rt_stampe/stampe_stats_base.php on line 138
[23-Nov-2023 08:57:45 UTC] PHP Notice:  Undefined variable: arr_corse in /home/bertoldiboats/public_html/protected/modules/rt_stampe/stampe_stats_base.php on line 61
